<?xml version="1.0" encoding="UTF-8"?>
<!-- Generated by org.testng.reporters.JUnitReportReporter -->
<testsuite skipped="0" hostname="KALAMSIR-PC" name="practicetestng.DummyTest4" tests="1" failures="0" timestamp="2022-07-10T13:59:06 IST" time="0.000" errors="0">
  <testcase name="method2" time="0.000" classname="practicetestng.DummyTest4"/>
  <system-out/>
</testsuite> <!-- practicetestng.DummyTest4 -->
