<?xml version="1.0" encoding="UTF-8"?>
<!-- Generated by org.testng.reporters.JUnitReportReporter -->
<testsuite skipped="0" hostname="KALAMSIR-PC" name="practicetestng.TestngDummy19" tests="2" failures="0" timestamp="2022-07-10T13:52:09 IST" time="0.009" errors="0">
  <testcase name="testCase1" time="0.006" classname="practicetestng.TestngDummy19"/>
  <system-out/>
  <testcase name="testCase2" time="0.003" classname="practicetestng.TestngDummy19"/>
  <system-out/>
</testsuite> <!-- practicetestng.TestngDummy19 -->
